Arguments: 
  /Users/helen/.nvm/versions/node/v16.13.1/bin/node /usr/local/Cellar/yarn/1.13.0/libexec/bin/yarn.js add @babel/core @babel/cli @bable/preset-flow -D

PATH: 
  /Users/helen/.nvm/versions/node/v16.13.1/bin:/Users/helen/anaconda3/bin:/Library/Frameworks/Python.framework/Versions/3.6/bin:/usr/local/bin:/usr/bin:/bin:/usr/sbin:/sbin:/Applications/Wireshark.app/Contents/MacOS:/Users/helen/.nvm/versions/node/v16.13.1/bin:/Users/helen/Applications:/Users/helen/node_module/bin:/opt/pkg_uninstaller

Yarn version: 
  1.13.0

Node version: 
  16.13.1

Platform: 
  darwin x64

Trace: 
  Error: https://registry.npm.taobao.org/@bable%2fpreset-flow: [NOT_FOUND] @bable/preset-flow not found
      at Request.params.callback [as _callback] (/usr/local/Cellar/yarn/1.13.0/libexec/lib/cli.js:66255:18)
      at Request.self.callback (/usr/local/Cellar/yarn/1.13.0/libexec/lib/cli.js:129397:22)
      at Request.emit (node:events:390:28)
      at Request.<anonymous> (/usr/local/Cellar/yarn/1.13.0/libexec/lib/cli.js:130369:10)
      at Request.emit (node:events:390:28)
      at Gunzip.<anonymous> (/usr/local/Cellar/yarn/1.13.0/libexec/lib/cli.js:130291:12)
      at Object.onceWrapper (node:events:509:28)
      at Gunzip.emit (node:events:390:28)
      at endReadableNT (node:internal/streams/readable:1343:12)
      at processTicksAndRejections (node:internal/process/task_queues:83:21)

npm manifest: 
  {
    "name": "test",
    "version": "1.0.0",
    "description": "",
    "main": "index.js",
    "scripts": {
      "test": "echo \"Error: no test specified\" && exit 1"
    },
    "author": "",
    "license": "ISC",
    "devDependencies": {
      "flow-bin": "^0.173.0",
      "flow-remove-types": "^2.173.0"
    }
  }

yarn manifest: 
  No manifest

Lockfile: 
  # THIS IS AN AUTOGENERATED FILE. DO NOT EDIT THIS FILE DIRECTLY.
  # yarn lockfile v1
  
  
  flow-bin@^0.173.0:
    version "0.173.0"
    resolved "https://registry.npmmirror.com/flow-bin/-/flow-bin-0.173.0.tgz#4eb4b0143ffcef3ef3ee64638554a8dff6b89735"
    integrity sha512-CIvShSnB4I7SsfkE9S7ECpUCkBNqDQGDWr+0uzulKGYEBnCYwFzITE1T84weLmINQwO1dR6ntsH0LlWLoGCquQ==
  
  flow-parser@^0.173.0:
    version "0.173.0"
    resolved "https://registry.npmmirror.com/flow-parser/-/flow-parser-0.173.0.tgz#992539fe87b4448a660ac1c54ffa358301e7110b"
    integrity sha512-gikomjo+jzdehhOCHP2Ca5y1HGK3jkODhUdTxk4a3SdyLAMBsEwb7KJETHzB4KQs7HhHcqhyT7mGmd9iT8B5Hg==
  
  flow-remove-types@^2.173.0:
    version "2.173.0"
    resolved "https://registry.npmmirror.com/flow-remove-types/-/flow-remove-types-2.173.0.tgz#6e82d6d0818cb685e53ba5e24706e5d54745d600"
    integrity sha512-rU1sB6Oj++6koo4PzelN4AVgZ85OA48ggk3IaAmyXd2nqR7dVLQRBpz+wjdKZYdorx+oEV66qIQ6dlXd6P7C7w==
    dependencies:
      flow-parser "^0.173.0"
      pirates "^3.0.2"
      vlq "^0.2.1"
  
  node-modules-regexp@^1.0.0:
    version "1.0.0"
    resolved "https://registry.npmmirror.com/node-modules-regexp/-/node-modules-regexp-1.0.0.tgz#8d9dbe28964a4ac5712e9131642107c71e90ec40"
    integrity sha512-JMaRS9L4wSRIR+6PTVEikTrq/lMGEZR43a48ETeilY0Q0iMwVnccMFrUM1k+tNzmYuIU0Vh710bCUqHX+/+ctQ==
  
  pirates@^3.0.2:
    version "3.0.2"
    resolved "https://registry.npmmirror.com/pirates/-/pirates-3.0.2.tgz#7e6f85413fd9161ab4e12b539b06010d85954bb9"
    integrity sha512-c5CgUJq6H2k6MJz72Ak1F5sN9n9wlSlJyEnwvpm9/y3WB4E3pHBDT2c6PEiS1vyJvq2bUxUAIu0EGf8Cx4Ic7Q==
    dependencies:
      node-modules-regexp "^1.0.0"
  
  vlq@^0.2.1:
    version "0.2.3"
    resolved "https://registry.npmmirror.com/vlq/-/vlq-0.2.3.tgz#8f3e4328cf63b1540c0d67e1b2778386f8975b26"
    integrity sha512-DRibZL6DsNhIgYQ+wNdWDL2SL3bKPlVrRiBqV5yuMm++op8W4kGFtaQfCs4KEJn0wBZcHVHJ3eoywX8983k1ow==
